{"uuid":"811a8d77-1b4e-4f34-9399-62662c675c93","historyId":"e502d5a51c74a2a2d5a09b6cf9fd2c07","fullName":"tests.courier.CreateCourierNegativeTest.createCourier[400 - {\n  \"password\": \"onkhzc\",\n  \"firstName\": \"Bill\"\n}]","labels":[{"name":"package","value":"tests.courier"},{"name":"testClass","value":"tests.courier.CreateCourierNegativeTest"},{"name":"testMethod","value":"createCourier[400 - {\n  \"password\": \"onkhzc\",\n  \"firstName\": \"Bill\"\n}]"},{"name":"suite","value":"tests.courier.CreateCourierNegativeTest"},{"name":"host","value":"WIN-P78AVO07OU3"},{"name":"thread","value":"5060@WIN-P78AVO07OU3.main(1)"},{"name":"framework","value":"junit4"},{"name":"language","value":"java"},{"name":"epic","value":"Courier tests"},{"name":"feature","value":"Create courier"},{"name":"story","value":"Negative tests"}],"links":[],"name":"createCourier[400 - {\n  \"password\": \"onkhzc\",\n  \"firstName\": \"Bill\"\n}]","status":"failed","statusDetails":{"known":false,"muted":false,"flaky":false,"message":"1 expectation failed.\nJSON path size() doesn't match.\nExpected: is <1>\n  Actual: <2>\n","trace":"java.lang.AssertionError: 1 expectation failed.\nJSON path size() doesn't match.\nExpected: is <1>\n  Actual: <2>\n\r\n\tat java.base/jdk.internal.reflect.NativeConstructorAccessorImpl.newInstance0(Native Method)\r\n\tat java.base/jdk.internal.reflect.NativeConstructorAccessorImpl.newInstance(NativeConstructorAccessorImpl.java:62)\r\n\tat java.base/jdk.internal.reflect.DelegatingConstructorAccessorImpl.newInstance(DelegatingConstructorAccessorImpl.java:45)\r\n\tat java.base/java.lang.reflect.Constructor.newInstance(Constructor.java:490)\r\n\tat org.codehaus.groovy.reflection.CachedConstructor.invoke(CachedConstructor.java:73)\r\n\tat org.codehaus.groovy.reflection.CachedConstructor.doConstructorInvoke(CachedConstructor.java:60)\r\n\tat org.codehaus.groovy.runtime.callsite.ConstructorSite$ConstructorSiteNoUnwrap.callConstructor(ConstructorSite.java:86)\r\n\tat org.codehaus.groovy.runtime.callsite.AbstractCallSite.callConstructor(AbstractCallSite.java:277)\r\n\tat io.restassured.internal.ResponseSpecificationImpl$HamcrestAssertionClosure.validate(ResponseSpecificationImpl.groovy:512)\r\n\tat io.restassured.internal.ResponseSpecificationImpl$HamcrestAssertionClosure$validate$1.call(Unknown Source)\r\n\tat io.restassured.internal.ResponseSpecificationImpl.validateResponseIfRequired(ResponseSpecificationImpl.groovy:696)\r\n\tat io.restassured.internal.ResponseSpecificationImpl.this$2$validateResponseIfRequired(ResponseSpecificationImpl.groovy)\r\n\tat java.base/jdk.internal.reflect.NativeMethodAccessorImpl.invoke0(Native Method)\r\n\tat java.base/jdk.internal.reflect.NativeMethodAccessorImpl.invoke(NativeMethodAccessorImpl.java:62)\r\n\tat java.base/jdk.internal.reflect.DelegatingMethodAccessorImpl.invoke(DelegatingMethodAccessorImpl.java:43)\r\n\tat java.base/java.lang.reflect.Method.invoke(Method.java:566)\r\n\tat org.codehaus.groovy.runtime.callsite.PlainObjectMetaMethodSite.doInvoke(PlainObjectMetaMethodSite.java:43)\r\n\tat org.codehaus.groovy.runtime.callsite.PogoMetaMethodSite$PogoCachedMethodSiteNoUnwrapNoCoerce.invoke(PogoMetaMethodSite.java:198)\r\n\tat org.codehaus.groovy.runtime.callsite.PogoMetaMethodSite.callCurrent(PogoMetaMethodSite.java:62)\r\n\tat org.codehaus.groovy.runtime.callsite.AbstractCallSite.callCurrent(AbstractCallSite.java:185)\r\n\tat io.restassured.internal.ResponseSpecificationImpl.body(ResponseSpecificationImpl.groovy:270)\r\n\tat io.restassured.specification.ResponseSpecification$body$1.callCurrent(Unknown Source)\r\n\tat org.codehaus.groovy.runtime.callsite.CallSiteArray.defaultCallCurrent(CallSiteArray.java:49)\r\n\tat io.restassured.specification.ResponseSpecification$body$1.callCurrent(Unknown Source)\r\n\tat io.restassured.internal.ResponseSpecificationImpl.body(ResponseSpecificationImpl.groovy:117)\r\n\tat io.restassured.internal.ValidatableResponseOptionsImpl.body(ValidatableResponseOptionsImpl.java:244)\r\n\tat asserts.Asserts.compareKeyCount(Asserts.java:35)\r\n\tat tests.courier.CreateCourierNegativeTest.createCourier(CreateCourierNegativeTest.java:55)\r\n\tat java.base/jdk.internal.reflect.NativeMethodAccessorImpl.invoke0(Native Method)\r\n\tat java.base/jdk.internal.reflect.NativeMethodAccessorImpl.invoke(NativeMethodAccessorImpl.java:62)\r\n\tat java.base/jdk.internal.reflect.DelegatingMethodAccessorImpl.invoke(DelegatingMethodAccessorImpl.java:43)\r\n\tat java.base/java.lang.reflect.Method.invoke(Method.java:566)\r\n\tat org.junit.runners.model.FrameworkMethod$1.runReflectiveCall(FrameworkMethod.java:59)\r\n\tat org.junit.internal.runners.model.ReflectiveCallable.run(ReflectiveCallable.java:12)\r\n\tat org.junit.runners.model.FrameworkMethod.invokeExplosively(FrameworkMethod.java:56)\r\n\tat org.junit.internal.runners.statements.InvokeMethod.evaluate(InvokeMethod.java:17)\r\n\tat org.junit.internal.runners.statements.RunAfters.evaluate(RunAfters.java:27)\r\n\tat org.junit.runners.ParentRunner$3.evaluate(ParentRunner.java:306)\r\n\tat org.junit.runners.BlockJUnit4ClassRunner$1.evaluate(BlockJUnit4ClassRunner.java:100)\r\n\tat org.junit.runners.ParentRunner.runLeaf(ParentRunner.java:366)\r\n\tat org.junit.runners.BlockJUnit4ClassRunner.runChild(BlockJUnit4ClassRunner.java:103)\r\n\tat org.junit.runners.BlockJUnit4ClassRunner.runChild(BlockJUnit4ClassRunner.java:63)\r\n\tat org.junit.runners.ParentRunner$4.run(ParentRunner.java:331)\r\n\tat org.junit.runners.ParentRunner$1.schedule(ParentRunner.java:79)\r\n\tat org.junit.runners.ParentRunner.runChildren(ParentRunner.java:329)\r\n\tat org.junit.runners.ParentRunner.access$100(ParentRunner.java:66)\r\n\tat org.junit.runners.ParentRunner$2.evaluate(ParentRunner.java:293)\r\n\tat org.junit.runners.ParentRunner.run(ParentRunner.java:413)\r\n\tat org.junit.runners.Suite.runChild(Suite.java:128)\r\n\tat org.junit.runners.Suite.runChild(Suite.java:27)\r\n\tat org.junit.runners.ParentRunner$4.run(ParentRunner.java:331)\r\n\tat org.junit.runners.ParentRunner$1.schedule(ParentRunner.java:79)\r\n\tat org.junit.runners.ParentRunner.runChildren(ParentRunner.java:329)\r\n\tat org.junit.runners.ParentRunner.access$100(ParentRunner.java:66)\r\n\tat org.junit.runners.ParentRunner$2.evaluate(ParentRunner.java:293)\r\n\tat org.junit.runners.ParentRunner$3.evaluate(ParentRunner.java:306)\r\n\tat org.junit.runners.ParentRunner.run(ParentRunner.java:413)\r\n\tat org.apache.maven.surefire.junit4.JUnit4Provider.execute(JUnit4Provider.java:365)\r\n\tat org.apache.maven.surefire.junit4.JUnit4Provider.executeWithRerun(JUnit4Provider.java:273)\r\n\tat org.apache.maven.surefire.junit4.JUnit4Provider.executeTestSet(JUnit4Provider.java:238)\r\n\tat org.apache.maven.surefire.junit4.JUnit4Provider.invoke(JUnit4Provider.java:159)\r\n\tat org.apache.maven.surefire.booter.ForkedBooter.invokeProviderInSameClassLoader(ForkedBooter.java:384)\r\n\tat org.apache.maven.surefire.booter.ForkedBooter.runSuitesInProcess(ForkedBooter.java:345)\r\n\tat org.apache.maven.surefire.booter.ForkedBooter.execute(ForkedBooter.java:126)\r\n\tat org.apache.maven.surefire.booter.ForkedBooter.main(ForkedBooter.java:418)\r\n"},"stage":"finished","description":"Check for the impossibility of create courier with incorrect data","steps":[{"name":"Send POST request create Courier","status":"passed","stage":"finished","steps":[],"attachments":[],"parameters":[{"name":"courier","value":"{\n  \"password\": \"onkhzc\",\n  \"firstName\": \"Bill\"\n}"}],"start":1678083999260,"stop":1678083999369},{"name":"Compare status code with \"400\"","status":"passed","stage":"finished","steps":[],"attachments":[],"parameters":[{"name":"response","value":"io.restassured.internal.RestAssuredResponseImpl@4611fe60"},{"name":"expectedCode","value":"400"}],"start":1678083999369,"stop":1678083999370},{"name":"Compare value of key \"message\" with \"Недостаточно данных для создания учетной записи\"","status":"passed","stage":"finished","steps":[],"attachments":[],"parameters":[{"name":"response","value":"io.restassured.internal.RestAssuredResponseImpl@4611fe60"},{"name":"keyJson","value":"message"},{"name":"expectedValueByKeyJson","value":"Недостаточно данных для создания учетной записи"}],"start":1678083999370,"stop":1678083999393},{"name":"Compare the number of json keys with \"1\"","status":"failed","statusDetails":{"known":false,"muted":false,"flaky":false,"message":"1 expectation failed.\nJSON path size() doesn't match.\nExpected: is <1>\n  Actual: <2>\n","trace":"java.lang.AssertionError: 1 expectation failed.\nJSON path size() doesn't match.\nExpected: is <1>\n  Actual: <2>\n\r\n\tat java.base/jdk.internal.reflect.NativeConstructorAccessorImpl.newInstance0(Native Method)\r\n\tat java.base/jdk.internal.reflect.NativeConstructorAccessorImpl.newInstance(NativeConstructorAccessorImpl.java:62)\r\n\tat java.base/jdk.internal.reflect.DelegatingConstructorAccessorImpl.newInstance(DelegatingConstructorAccessorImpl.java:45)\r\n\tat java.base/java.lang.reflect.Constructor.newInstance(Constructor.java:490)\r\n\tat org.codehaus.groovy.reflection.CachedConstructor.invoke(CachedConstructor.java:73)\r\n\tat org.codehaus.groovy.reflection.CachedConstructor.doConstructorInvoke(CachedConstructor.java:60)\r\n\tat org.codehaus.groovy.runtime.callsite.ConstructorSite$ConstructorSiteNoUnwrap.callConstructor(ConstructorSite.java:86)\r\n\tat org.codehaus.groovy.runtime.callsite.AbstractCallSite.callConstructor(AbstractCallSite.java:277)\r\n\tat io.restassured.internal.ResponseSpecificationImpl$HamcrestAssertionClosure.validate(ResponseSpecificationImpl.groovy:512)\r\n\tat io.restassured.internal.ResponseSpecificationImpl$HamcrestAssertionClosure$validate$1.call(Unknown Source)\r\n\tat io.restassured.internal.ResponseSpecificationImpl.validateResponseIfRequired(ResponseSpecificationImpl.groovy:696)\r\n\tat io.restassured.internal.ResponseSpecificationImpl.this$2$validateResponseIfRequired(ResponseSpecificationImpl.groovy)\r\n\tat java.base/jdk.internal.reflect.NativeMethodAccessorImpl.invoke0(Native Method)\r\n\tat java.base/jdk.internal.reflect.NativeMethodAccessorImpl.invoke(NativeMethodAccessorImpl.java:62)\r\n\tat java.base/jdk.internal.reflect.DelegatingMethodAccessorImpl.invoke(DelegatingMethodAccessorImpl.java:43)\r\n\tat java.base/java.lang.reflect.Method.invoke(Method.java:566)\r\n\tat org.codehaus.groovy.runtime.callsite.PlainObjectMetaMethodSite.doInvoke(PlainObjectMetaMethodSite.java:43)\r\n\tat org.codehaus.groovy.runtime.callsite.PogoMetaMethodSite$PogoCachedMethodSiteNoUnwrapNoCoerce.invoke(PogoMetaMethodSite.java:198)\r\n\tat org.codehaus.groovy.runtime.callsite.PogoMetaMethodSite.callCurrent(PogoMetaMethodSite.java:62)\r\n\tat org.codehaus.groovy.runtime.callsite.AbstractCallSite.callCurrent(AbstractCallSite.java:185)\r\n\tat io.restassured.internal.ResponseSpecificationImpl.body(ResponseSpecificationImpl.groovy:270)\r\n\tat io.restassured.specification.ResponseSpecification$body$1.callCurrent(Unknown Source)\r\n\tat org.codehaus.groovy.runtime.callsite.CallSiteArray.defaultCallCurrent(CallSiteArray.java:49)\r\n\tat io.restassured.specification.ResponseSpecification$body$1.callCurrent(Unknown Source)\r\n\tat io.restassured.internal.ResponseSpecificationImpl.body(ResponseSpecificationImpl.groovy:117)\r\n\tat io.restassured.internal.ValidatableResponseOptionsImpl.body(ValidatableResponseOptionsImpl.java:244)\r\n\tat asserts.Asserts.compareKeyCount(Asserts.java:35)\r\n\tat tests.courier.CreateCourierNegativeTest.createCourier(CreateCourierNegativeTest.java:55)\r\n\tat java.base/jdk.internal.reflect.NativeMethodAccessorImpl.invoke0(Native Method)\r\n\tat java.base/jdk.internal.reflect.NativeMethodAccessorImpl.invoke(NativeMethodAccessorImpl.java:62)\r\n\tat java.base/jdk.internal.reflect.DelegatingMethodAccessorImpl.invoke(DelegatingMethodAccessorImpl.java:43)\r\n\tat java.base/java.lang.reflect.Method.invoke(Method.java:566)\r\n\tat org.junit.runners.model.FrameworkMethod$1.runReflectiveCall(FrameworkMethod.java:59)\r\n\tat org.junit.internal.runners.model.ReflectiveCallable.run(ReflectiveCallable.java:12)\r\n\tat org.junit.runners.model.FrameworkMethod.invokeExplosively(FrameworkMethod.java:56)\r\n\tat org.junit.internal.runners.statements.InvokeMethod.evaluate(InvokeMethod.java:17)\r\n\tat org.junit.internal.runners.statements.RunAfters.evaluate(RunAfters.java:27)\r\n\tat org.junit.runners.ParentRunner$3.evaluate(ParentRunner.java:306)\r\n\tat org.junit.runners.BlockJUnit4ClassRunner$1.evaluate(BlockJUnit4ClassRunner.java:100)\r\n\tat org.junit.runners.ParentRunner.runLeaf(ParentRunner.java:366)\r\n\tat org.junit.runners.BlockJUnit4ClassRunner.runChild(BlockJUnit4ClassRunner.java:103)\r\n\tat org.junit.runners.BlockJUnit4ClassRunner.runChild(BlockJUnit4ClassRunner.java:63)\r\n\tat org.junit.runners.ParentRunner$4.run(ParentRunner.java:331)\r\n\tat org.junit.runners.ParentRunner$1.schedule(ParentRunner.java:79)\r\n\tat org.junit.runners.ParentRunner.runChildren(ParentRunner.java:329)\r\n\tat org.junit.runners.ParentRunner.access$100(ParentRunner.java:66)\r\n\tat org.junit.runners.ParentRunner$2.evaluate(ParentRunner.java:293)\r\n\tat org.junit.runners.ParentRunner.run(ParentRunner.java:413)\r\n\tat org.junit.runners.Suite.runChild(Suite.java:128)\r\n\tat org.junit.runners.Suite.runChild(Suite.java:27)\r\n\tat org.junit.runners.ParentRunner$4.run(ParentRunner.java:331)\r\n\tat org.junit.runners.ParentRunner$1.schedule(ParentRunner.java:79)\r\n\tat org.junit.runners.ParentRunner.runChildren(ParentRunner.java:329)\r\n\tat org.junit.runners.ParentRunner.access$100(ParentRunner.java:66)\r\n\tat org.junit.runners.ParentRunner$2.evaluate(ParentRunner.java:293)\r\n\tat org.junit.runners.ParentRunner$3.evaluate(ParentRunner.java:306)\r\n\tat org.junit.runners.ParentRunner.run(ParentRunner.java:413)\r\n\tat org.apache.maven.surefire.junit4.JUnit4Provider.execute(JUnit4Provider.java:365)\r\n\tat org.apache.maven.surefire.junit4.JUnit4Provider.executeWithRerun(JUnit4Provider.java:273)\r\n\tat org.apache.maven.surefire.junit4.JUnit4Provider.executeTestSet(JUnit4Provider.java:238)\r\n\tat org.apache.maven.surefire.junit4.JUnit4Provider.invoke(JUnit4Provider.java:159)\r\n\tat org.apache.maven.surefire.booter.ForkedBooter.invokeProviderInSameClassLoader(ForkedBooter.java:384)\r\n\tat org.apache.maven.surefire.booter.ForkedBooter.runSuitesInProcess(ForkedBooter.java:345)\r\n\tat org.apache.maven.surefire.booter.ForkedBooter.execute(ForkedBooter.java:126)\r\n\tat org.apache.maven.surefire.booter.ForkedBooter.main(ForkedBooter.java:418)\r\n"},"stage":"finished","steps":[],"attachments":[{"name":"Response json","source":"c3816c2d-f7f3-46be-8a2c-b6eaf3ed2b1d-attachment.txt","type":"text/plain"}],"parameters":[{"name":"response","value":"io.restassured.internal.RestAssuredResponseImpl@4611fe60"},{"name":"keyCount","value":"1"}],"start":1678083999393,"stop":1678083999414},{"name":"Get id and delete Courier","status":"passed","stage":"finished","steps":[{"name":"Get id and delete Courier","status":"passed","stage":"finished","steps":[],"attachments":[],"parameters":[{"name":"accountData","value":"{\n  \"password\": \"onkhzc\"\n}"}],"start":1678083999415,"stop":1678083999415}],"attachments":[],"parameters":[{"name":"courier","value":"{\n  \"password\": \"onkhzc\",\n  \"firstName\": \"Bill\"\n}"}],"start":1678083999414,"stop":1678083999415}],"attachments":[],"parameters":[],"start":1678083999259,"stop":1678083999415}